{
  "RSpec": {
    "coverage": {
      "/Users/kevinkrato/Desktop/Turing/BACKEND/MOD_2/solo_AdoptDontShop/config/environment.rb": [
        null,
        1,
        null,
        null,
        1
      ],
      "/Users/kevinkrato/Desktop/Turing/BACKEND/MOD_2/solo_AdoptDontShop/config/application.rb": [
        1,
        null,
        1,
        null,
        1,
        1,
        1,
        1,
        1,
        1,
        1,
        1,
        1,
        1,
        1,
        null,
        null,
        null,
        null,
        1,
        null,
        1,
        1,
        null,
        1,
        null,
        null,
        null,
        null,
        null,
        null,
        null,
        1,
        null,
        null
      ],
      "/Users/kevinkrato/Desktop/Turing/BACKEND/MOD_2/solo_AdoptDontShop/config/boot.rb": [
        1,
        null,
        1,
        1
      ],
      "/Users/kevinkrato/Desktop/Turing/BACKEND/MOD_2/solo_AdoptDontShop/config/environments/test.rb": [
        null,
        null,
        null,
        null,
        null,
        1,
        null,
        null,
        1,
        null,
        null,
        null,
        null,
        1,
        null,
        null,
        1,
        1,
        null,
        null,
        null,
        null,
        1,
        1,
        1,
        null,
        null,
        1,
        null,
        null,
        1,
        null,
        null,
        1,
        null,
        1,
        null,
        null,
        null,
        null,
        1,
        null,
        null,
        1,
        null,
        null,
        null,
        null
      ],
      "/Users/kevinkrato/Desktop/Turing/BACKEND/MOD_2/solo_AdoptDontShop/config/initializers/application_controller_renderer.rb": [
        null,
        null,
        null,
        null,
        null,
        null,
        null,
        null
      ],
      "/Users/kevinkrato/Desktop/Turing/BACKEND/MOD_2/solo_AdoptDontShop/config/initializers/assets.rb": [
        null,
        null,
        null,
        1,
        null,
        null,
        null,
        null,
        1,
        null,
        null,
        null,
        null,
        null
      ],
      "/Users/kevinkrato/Desktop/Turing/BACKEND/MOD_2/solo_AdoptDontShop/config/initializers/backtrace_silencers.rb": [
        null,
        null,
        null,
        null,
        null,
        null,
        null
      ],
      "/Users/kevinkrato/Desktop/Turing/BACKEND/MOD_2/solo_AdoptDontShop/config/initializers/content_security_policy.rb": [
        null,
        null,
        null,
        null,
        null,
        null,
        null,
        null,
        null,
        null,
        null,
        null,
        null,
        null,
        null,
        null,
        null,
        null,
        null,
        null,
        null,
        null,
        null,
        null,
        null,
        null,
        null,
        null,
        null,
        null
      ],
      "/Users/kevinkrato/Desktop/Turing/BACKEND/MOD_2/solo_AdoptDontShop/config/initializers/cookies_serializer.rb": [
        null,
        null,
        null,
        null,
        1
      ],
      "/Users/kevinkrato/Desktop/Turing/BACKEND/MOD_2/solo_AdoptDontShop/config/initializers/filter_parameter_logging.rb": [
        null,
        null,
        null,
        1
      ],
      "/Users/kevinkrato/Desktop/Turing/BACKEND/MOD_2/solo_AdoptDontShop/config/initializers/inflections.rb": [
        null,
        null,
        null,
        null,
        null,
        null,
        null,
        null,
        null,
        null,
        null,
        null,
        null,
        null,
        null,
        null
      ],
      "/Users/kevinkrato/Desktop/Turing/BACKEND/MOD_2/solo_AdoptDontShop/config/initializers/mime_types.rb": [
        null,
        null,
        null,
        null
      ],
      "/Users/kevinkrato/Desktop/Turing/BACKEND/MOD_2/solo_AdoptDontShop/config/initializers/wrap_parameters.rb": [
        null,
        null,
        null,
        null,
        null,
        null,
        1,
        2,
        null,
        null,
        null,
        null,
        null,
        null
      ],
      "/Users/kevinkrato/Desktop/Turing/BACKEND/MOD_2/solo_AdoptDontShop/config/routes.rb": [
        1,
        null,
        1,
        1,
        1,
        1,
        null,
        1,
        1,
        1,
        null,
        null,
        1,
        1,
        1,
        null,
        null,
        1,
        1,
        1,
        1,
        1,
        null
      ],
      "/Users/kevinkrato/Desktop/Turing/BACKEND/MOD_2/solo_AdoptDontShop/app/helpers/application_helper.rb": [
        1,
        null
      ],
      "/Users/kevinkrato/Desktop/Turing/BACKEND/MOD_2/solo_AdoptDontShop/spec/features/pets/user_can_edit_pet_spec.rb": [
        1,
        null,
        1,
        1,
        1,
        null,
        null,
        null,
        null,
        null,
        1,
        null,
        null,
        null,
        null,
        null,
        null,
        null,
        1,
        1,
        null,
        1,
        null,
        1,
        null,
        1,
        1,
        1,
        1,
        1,
        1,
        1,
        1,
        null,
        null,
        null,
        1,
        1,
        1,
        1,
        1,
        1,
        null,
        null,
        null,
        1,
        null,
        1,
        null,
        1,
        1,
        1,
        1,
        1,
        1,
        1,
        null,
        null,
        null
      ],
      "/Users/kevinkrato/Desktop/Turing/BACKEND/MOD_2/solo_AdoptDontShop/spec/features/pets/user_can_see_all_pets_spec.rb": [
        1,
        null,
        1,
        1,
        1,
        null,
        null,
        null,
        null,
        null,
        1,
        null,
        null,
        null,
        null,
        null,
        1,
        null,
        null,
        null,
        null,
        null,
        1,
        null,
        null,
        null,
        null,
        null,
        null,
        null,
        1,
        1,
        null,
        1,
        1,
        1,
        1,
        1,
        1,
        null,
        null,
        1,
        1,
        1,
        1,
        1,
        1,
        null,
        null,
        null,
        null
      ],
      "/Users/kevinkrato/Desktop/Turing/BACKEND/MOD_2/solo_AdoptDontShop/spec/features/pets/user_can_see_one_pet_spec.rb": [
        1,
        null,
        1,
        1,
        1,
        null,
        null,
        null,
        null,
        null,
        1,
        null,
        null,
        null,
        null,
        null,
        1,
        null,
        null,
        null,
        null,
        null,
        1,
        null,
        null,
        null,
        null,
        null,
        null,
        null,
        1,
        1,
        null,
        1,
        1,
        1,
        1,
        1,
        1,
        null,
        null,
        1,
        1,
        1,
        1,
        null,
        null,
        null
      ],
      "/Users/kevinkrato/Desktop/Turing/BACKEND/MOD_2/solo_AdoptDontShop/spec/features/shelters/user_can_add_new_shelters_spec.rb": [
        1,
        null,
        1,
        1,
        1,
        null,
        1,
        null,
        1,
        null,
        1,
        1,
        1,
        1,
        1,
        null,
        1,
        null,
        1,
        null,
        1,
        1,
        1,
        1,
        1,
        null,
        null
      ],
      "/Users/kevinkrato/Desktop/Turing/BACKEND/MOD_2/solo_AdoptDontShop/spec/features/shelters/user_can_create_new_pets_spec.rb": [
        1,
        null,
        1,
        1,
        1,
        null,
        null,
        null,
        null,
        null,
        1,
        null,
        null,
        null,
        null,
        null,
        1,
        null,
        null,
        null,
        null,
        null,
        1,
        null,
        null,
        null,
        null,
        null,
        null,
        null,
        1,
        1,
        null,
        1,
        null,
        1,
        null,
        1,
        1,
        1,
        1,
        1,
        1,
        null,
        null,
        1,
        null,
        1,
        null,
        1,
        1,
        1,
        1,
        1,
        null,
        1,
        null,
        null
      ],
      "/Users/kevinkrato/Desktop/Turing/BACKEND/MOD_2/solo_AdoptDontShop/spec/features/shelters/user_can_delete_shelters_spec.rb": [
        1,
        null,
        1,
        1,
        1,
        null,
        null,
        null,
        null,
        null,
        null,
        null,
        null,
        1,
        1,
        null,
        1,
        null,
        1,
        1,
        null,
        null
      ],
      "/Users/kevinkrato/Desktop/Turing/BACKEND/MOD_2/solo_AdoptDontShop/spec/features/shelters/user_can_edit_shelters_spec.rb": [
        1,
        null,
        1,
        1,
        1,
        null,
        null,
        null,
        null,
        null,
        null,
        null,
        null,
        1,
        1,
        null,
        1,
        null,
        1,
        null,
        1,
        1,
        1,
        1,
        1,
        null,
        1,
        1,
        1,
        1,
        1,
        null,
        1,
        null,
        1,
        null,
        1,
        1,
        1,
        1,
        1,
        1,
        null,
        null
      ],
      "/Users/kevinkrato/Desktop/Turing/BACKEND/MOD_2/solo_AdoptDontShop/spec/features/shelters/user_can_see_all_shelters_spec.rb": [
        1,
        null,
        1,
        1,
        1,
        null,
        null,
        null,
        null,
        null,
        null,
        1,
        null,
        null,
        null,
        null,
        null,
        null,
        null,
        null,
        1,
        1,
        null,
        1,
        1,
        1,
        null,
        null,
        1,
        1,
        1,
        null,
        null,
        null,
        null
      ],
      "/Users/kevinkrato/Desktop/Turing/BACKEND/MOD_2/solo_AdoptDontShop/spec/features/shelters/user_can_see_one_shelter_spec.rb": [
        1,
        null,
        1,
        1,
        1,
        null,
        null,
        null,
        null,
        null,
        null,
        1,
        null,
        null,
        null,
        null,
        null,
        null,
        null,
        null,
        1,
        1,
        null,
        1,
        1,
        1,
        1,
        1,
        null,
        1,
        1,
        1,
        1,
        1,
        null,
        null
      ],
      "/Users/kevinkrato/Desktop/Turing/BACKEND/MOD_2/solo_AdoptDontShop/spec/features/shelters/user_can_see_pets_of_shelter_spec.rb": [
        1,
        null,
        1,
        1,
        1,
        null,
        null,
        null,
        null,
        null,
        1,
        null,
        null,
        null,
        null,
        null,
        1,
        null,
        null,
        null,
        null,
        null,
        1,
        null,
        null,
        null,
        null,
        null,
        null,
        1,
        1,
        null,
        1,
        1,
        1,
        1,
        null,
        1,
        null,
        null,
        null
      ],
      "/Users/kevinkrato/Desktop/Turing/BACKEND/MOD_2/solo_AdoptDontShop/spec/models/pet_spec.rb": [
        1,
        null,
        1,
        1,
        2,
        null,
        null
      ],
      "/Users/kevinkrato/Desktop/Turing/BACKEND/MOD_2/solo_AdoptDontShop/app/models/pet.rb": [
        1,
        1,
        null
      ],
      "/Users/kevinkrato/Desktop/Turing/BACKEND/MOD_2/solo_AdoptDontShop/app/models/application_record.rb": [
        1,
        1,
        null
      ],
      "/Users/kevinkrato/Desktop/Turing/BACKEND/MOD_2/solo_AdoptDontShop/spec/models/shelter_spec.rb": [
        1,
        null,
        1,
        1,
        2,
        null,
        null
      ],
      "/Users/kevinkrato/Desktop/Turing/BACKEND/MOD_2/solo_AdoptDontShop/app/models/shelter.rb": [
        1,
        1,
        null
      ],
      "/Users/kevinkrato/Desktop/Turing/BACKEND/MOD_2/solo_AdoptDontShop/app/controllers/application_controller.rb": [
        1,
        null
      ],
      "/Users/kevinkrato/Desktop/Turing/BACKEND/MOD_2/solo_AdoptDontShop/app/controllers/pets_controller.rb": [
        1,
        1,
        2,
        null,
        null,
        1,
        4,
        null,
        null,
        1,
        1,
        null,
        null,
        1,
        1,
        1,
        1,
        null,
        null,
        1,
        1,
        null,
        null,
        1,
        1,
        1,
        1,
        1,
        null,
        null,
        1,
        1,
        1,
        null,
        null,
        1,
        1,
        2,
        null,
        null
      ],
      "/Users/kevinkrato/Desktop/Turing/BACKEND/MOD_2/solo_AdoptDontShop/app/controllers/shelters_controller.rb": [
        1,
        1,
        4,
        null,
        null,
        1,
        4,
        null,
        null,
        1,
        null,
        null,
        1,
        1,
        1,
        null,
        null,
        1,
        1,
        null,
        null,
        1,
        1,
        1,
        1,
        1,
        null,
        null,
        1,
        1,
        1,
        null,
        null,
        1,
        3,
        3,
        null,
        null,
        1,
        1,
        2,
        null,
        null
      ]
    },
    "timestamp": 1575827620
  }
}
